2024-05-29 16:42:42,061 [Worker-6: Loading available Gradle versions] INFO  o.e.b.c.i.u.g.PublishedGradleVersions - Gradle version information cache is up-to-date. Trying to read.
2024-05-29 16:44:22,327 [Worker-11: Updating Maven Project] INFO  o.e.m.c.i.p.ProjectConfigurationManager - Update started
2024-05-29 16:44:22,339 [Worker-11: Updating Maven Project] INFO  o.e.m.c.i.p.ProjectConfigurationManager - Update completed for 0 poms: local refresh takes 0.00 sec, refresh facades takes 0.00 sec, update config takes 0.00 sec 
2024-05-29 16:45:31,908 [Worker-3: Checking out Maven projects] INFO  o.e.m.c.i.p.ProjectConfigurationManager - Collecting project info '/pom.xml' C:\Users\ASUS\Softwares\sts-4.22.1.RELEASE\Projects\Jenkins\sample-app-web\sample-app-web\maven.1716981318839\pom.xml
2024-05-29 16:45:35,356 [Worker-1: Importing Maven projects] INFO  o.e.m.c.i.l.LifecycleMappingFactory - Using org.maven.ide.eclipse.wtp.WarLifecycleMapping lifecycle mapping for MavenProject: com.zensarr:sample-app-web:0.0.1-SNAPSHOT @ C:\Users\ASUS\Softwares\sts-4.22.1.RELEASE\Projects\Jenkins\sample-app-web\sample-app-web\sample-app-web\pom.xml.
2024-05-29 16:45:37,251 [Worker-1: Importing Maven projects] INFO  o.e.m.j.i.AbstractJavaProjectConfigurator - Adding source folder /sample-app-web/src/main/java
2024-05-29 16:45:37,253 [Worker-1: Importing Maven projects] INFO  o.e.m.j.i.AbstractJavaProjectConfigurator - Adding resource folder /sample-app-web/src/main/resources
2024-05-29 16:45:37,261 [Worker-1: Importing Maven projects] INFO  o.e.m.j.i.AbstractJavaProjectConfigurator - Adding resource folder /sample-app-web/src/main/resources
2024-05-29 16:45:37,266 [Worker-1: Importing Maven projects] INFO  o.e.m.j.i.AbstractJavaProjectConfigurator - Adding source folder /sample-app-web/src/test/java
2024-05-29 16:45:37,267 [Worker-1: Importing Maven projects] INFO  o.e.m.j.i.AbstractJavaProjectConfigurator - Adding resource folder /sample-app-web/src/test/resources
2024-05-29 16:45:39,417 [Worker-1: Importing Maven projects] INFO  o.e.m.c.i.p.ProjectConfigurationManager - Imported and configured 1 project(s) in 7 sec
2024-05-29 16:45:40,733 [Worker-5: Building] INFO  o.a.m.s.f.DefaultMavenResourcesFiltering - Copying 1 resource from src\main\resources to target\classes
2024-05-29 16:45:40,761 [Worker-5: Building] INFO  o.a.m.s.f.DefaultMavenResourcesFiltering - Copying 0 resource from src\main\resources to target\classes
2024-05-29 16:45:40,768 [Worker-5: Building] INFO  o.a.m.s.f.DefaultMavenResourcesFiltering - skip non existing resourceDirectory C:\Users\ASUS\Softwares\sts-4.22.1.RELEASE\Projects\Jenkins\sample-app-web\sample-app-web\sample-app-web\src\test\resources
2024-05-29 16:48:42,802 [main] INFO  o.e.m2e.actions.ExecutePomAction - Creating new launch configuration
2024-05-29 16:48:53,430 [Worker-5: Launching sample-app-web] INFO  o.eclipse.m2e.core.internal.Bundles - getClasspathEntries(Bundle=org.eclipse.m2e.maven.runtime_3.9.600.20231203-1234 [354])
2024-05-29 16:48:53,433 [Worker-5: Launching sample-app-web] INFO  o.eclipse.m2e.core.internal.Bundles - 	Entry: C:\Users\ASUS\Softwares\sts-4.22.1.RELEASE\plugins\org.eclipse.m2e.maven.runtime_3.9.600.20231203-1234
2024-05-29 16:48:53,433 [Worker-5: Launching sample-app-web] INFO  o.eclipse.m2e.core.internal.Bundles - 	Entry: C:\Users\ASUS\Softwares\sts-4.22.1.RELEASE\plugins\org.eclipse.m2e.maven.runtime_3.9.600.20231203-1234\jars\aopalliance-1.0.jar
2024-05-29 16:48:53,434 [Worker-5: Launching sample-app-web] INFO  o.eclipse.m2e.core.internal.Bundles - 	Entry: C:\Users\ASUS\Softwares\sts-4.22.1.RELEASE\plugins\org.eclipse.m2e.maven.runtime_3.9.600.20231203-1234\jars\guice-5.1.0.jar
2024-05-29 16:48:53,434 [Worker-5: Launching sample-app-web] INFO  o.eclipse.m2e.core.internal.Bundles - 	Entry: C:\Users\ASUS\Softwares\sts-4.22.1.RELEASE\plugins\org.eclipse.m2e.maven.runtime_3.9.600.20231203-1234\jars\httpclient-4.5.14.jar
2024-05-29 16:48:53,435 [Worker-5: Launching sample-app-web] INFO  o.eclipse.m2e.core.internal.Bundles - 	Entry: C:\Users\ASUS\Softwares\sts-4.22.1.RELEASE\plugins\org.eclipse.m2e.maven.runtime_3.9.600.20231203-1234\jars\httpcore-4.4.16.jar
2024-05-29 16:48:53,435 [Worker-5: Launching sample-app-web] INFO  o.eclipse.m2e.core.internal.Bundles - 	Entry: C:\Users\ASUS\Softwares\sts-4.22.1.RELEASE\plugins\org.eclipse.m2e.maven.runtime_3.9.600.20231203-1234\jars\jansi-2.4.0.jar
2024-05-29 16:48:53,435 [Worker-5: Launching sample-app-web] INFO  o.eclipse.m2e.core.internal.Bundles - 	Entry: C:\Users\ASUS\Softwares\sts-4.22.1.RELEASE\plugins\org.eclipse.m2e.maven.runtime_3.9.600.20231203-1234\jars\jcl-over-slf4j-1.7.36.jar
2024-05-29 16:48:53,436 [Worker-5: Launching sample-app-web] INFO  o.eclipse.m2e.core.internal.Bundles - 	Entry: C:\Users\ASUS\Softwares\sts-4.22.1.RELEASE\plugins\org.eclipse.m2e.maven.runtime_3.9.600.20231203-1234\jars\maven-artifact-3.9.6.jar
2024-05-29 16:48:53,436 [Worker-5: Launching sample-app-web] INFO  o.eclipse.m2e.core.internal.Bundles - 	Entry: C:\Users\ASUS\Softwares\sts-4.22.1.RELEASE\plugins\org.eclipse.m2e.maven.runtime_3.9.600.20231203-1234\jars\maven-builder-support-3.9.6.jar
2024-05-29 16:48:53,437 [Worker-5: Launching sample-app-web] INFO  o.eclipse.m2e.core.internal.Bundles - 	Entry: C:\Users\ASUS\Softwares\sts-4.22.1.RELEASE\plugins\org.eclipse.m2e.maven.runtime_3.9.600.20231203-1234\jars\maven-compat-3.9.6.jar
2024-05-29 16:48:53,438 [Worker-5: Launching sample-app-web] INFO  o.eclipse.m2e.core.internal.Bundles - 	Entry: C:\Users\ASUS\Softwares\sts-4.22.1.RELEASE\plugins\org.eclipse.m2e.maven.runtime_3.9.600.20231203-1234\jars\maven-core-3.9.6.jar
2024-05-29 16:48:53,439 [Worker-5: Launching sample-app-web] INFO  o.eclipse.m2e.core.internal.Bundles - 	Entry: C:\Users\ASUS\Softwares\sts-4.22.1.RELEASE\plugins\org.eclipse.m2e.maven.runtime_3.9.600.20231203-1234\jars\maven-embedder-3.9.6.jar
2024-05-29 16:48:53,439 [Worker-5: Launching sample-app-web] INFO  o.eclipse.m2e.core.internal.Bundles - 	Entry: C:\Users\ASUS\Softwares\sts-4.22.1.RELEASE\plugins\org.eclipse.m2e.maven.runtime_3.9.600.20231203-1234\jars\maven-model-3.9.6.jar
2024-05-29 16:48:53,440 [Worker-5: Launching sample-app-web] INFO  o.eclipse.m2e.core.internal.Bundles - 	Entry: C:\Users\ASUS\Softwares\sts-4.22.1.RELEASE\plugins\org.eclipse.m2e.maven.runtime_3.9.600.20231203-1234\jars\maven-model-builder-3.9.6.jar
2024-05-29 16:48:53,440 [Worker-5: Launching sample-app-web] INFO  o.eclipse.m2e.core.internal.Bundles - 	Entry: C:\Users\ASUS\Softwares\sts-4.22.1.RELEASE\plugins\org.eclipse.m2e.maven.runtime_3.9.600.20231203-1234\jars\maven-plugin-api-3.9.6.jar
2024-05-29 16:48:53,440 [Worker-5: Launching sample-app-web] INFO  o.eclipse.m2e.core.internal.Bundles - 	Entry: C:\Users\ASUS\Softwares\sts-4.22.1.RELEASE\plugins\org.eclipse.m2e.maven.runtime_3.9.600.20231203-1234\jars\maven-repository-metadata-3.9.6.jar
2024-05-29 16:48:53,441 [Worker-5: Launching sample-app-web] INFO  o.eclipse.m2e.core.internal.Bundles - 	Entry: C:\Users\ASUS\Softwares\sts-4.22.1.RELEASE\plugins\org.eclipse.m2e.maven.runtime_3.9.600.20231203-1234\jars\maven-resolver-api-1.9.18.jar
2024-05-29 16:48:53,441 [Worker-5: Launching sample-app-web] INFO  o.eclipse.m2e.core.internal.Bundles - 	Entry: C:\Users\ASUS\Softwares\sts-4.22.1.RELEASE\plugins\org.eclipse.m2e.maven.runtime_3.9.600.20231203-1234\jars\maven-resolver-connector-basic-1.9.18.jar
2024-05-29 16:48:53,441 [Worker-5: Launching sample-app-web] INFO  o.eclipse.m2e.core.internal.Bundles - 	Entry: C:\Users\ASUS\Softwares\sts-4.22.1.RELEASE\plugins\org.eclipse.m2e.maven.runtime_3.9.600.20231203-1234\jars\maven-resolver-impl-1.9.18.jar
2024-05-29 16:48:53,442 [Worker-5: Launching sample-app-web] INFO  o.eclipse.m2e.core.internal.Bundles - 	Entry: C:\Users\ASUS\Softwares\sts-4.22.1.RELEASE\plugins\org.eclipse.m2e.maven.runtime_3.9.600.20231203-1234\jars\maven-resolver-named-locks-1.9.18.jar
2024-05-29 16:48:53,442 [Worker-5: Launching sample-app-web] INFO  o.eclipse.m2e.core.internal.Bundles - 	Entry: C:\Users\ASUS\Softwares\sts-4.22.1.RELEASE\plugins\org.eclipse.m2e.maven.runtime_3.9.600.20231203-1234\jars\maven-resolver-provider-3.9.6.jar
2024-05-29 16:48:53,442 [Worker-5: Launching sample-app-web] INFO  o.eclipse.m2e.core.internal.Bundles - 	Entry: C:\Users\ASUS\Softwares\sts-4.22.1.RELEASE\plugins\org.eclipse.m2e.maven.runtime_3.9.600.20231203-1234\jars\maven-resolver-spi-1.9.18.jar
2024-05-29 16:48:53,443 [Worker-5: Launching sample-app-web] INFO  o.eclipse.m2e.core.internal.Bundles - 	Entry: C:\Users\ASUS\Softwares\sts-4.22.1.RELEASE\plugins\org.eclipse.m2e.maven.runtime_3.9.600.20231203-1234\jars\maven-resolver-transport-file-1.9.18.jar
2024-05-29 16:48:53,443 [Worker-5: Launching sample-app-web] INFO  o.eclipse.m2e.core.internal.Bundles - 	Entry: C:\Users\ASUS\Softwares\sts-4.22.1.RELEASE\plugins\org.eclipse.m2e.maven.runtime_3.9.600.20231203-1234\jars\maven-resolver-transport-http-1.9.18.jar
2024-05-29 16:48:53,443 [Worker-5: Launching sample-app-web] INFO  o.eclipse.m2e.core.internal.Bundles - 	Entry: C:\Users\ASUS\Softwares\sts-4.22.1.RELEASE\plugins\org.eclipse.m2e.maven.runtime_3.9.600.20231203-1234\jars\maven-resolver-transport-wagon-1.9.18.jar
2024-05-29 16:48:53,443 [Worker-5: Launching sample-app-web] INFO  o.eclipse.m2e.core.internal.Bundles - 	Entry: C:\Users\ASUS\Softwares\sts-4.22.1.RELEASE\plugins\org.eclipse.m2e.maven.runtime_3.9.600.20231203-1234\jars\maven-resolver-util-1.9.18.jar
2024-05-29 16:48:53,444 [Worker-5: Launching sample-app-web] INFO  o.eclipse.m2e.core.internal.Bundles - 	Entry: C:\Users\ASUS\Softwares\sts-4.22.1.RELEASE\plugins\org.eclipse.m2e.maven.runtime_3.9.600.20231203-1234\jars\maven-settings-3.9.6.jar
2024-05-29 16:48:53,444 [Worker-5: Launching sample-app-web] INFO  o.eclipse.m2e.core.internal.Bundles - 	Entry: C:\Users\ASUS\Softwares\sts-4.22.1.RELEASE\plugins\org.eclipse.m2e.maven.runtime_3.9.600.20231203-1234\jars\maven-settings-builder-3.9.6.jar
2024-05-29 16:48:53,444 [Worker-5: Launching sample-app-web] INFO  o.eclipse.m2e.core.internal.Bundles - 	Entry: C:\Users\ASUS\Softwares\sts-4.22.1.RELEASE\plugins\org.eclipse.m2e.maven.runtime_3.9.600.20231203-1234\jars\maven-shared-utils-3.3.4.jar
2024-05-29 16:48:53,444 [Worker-5: Launching sample-app-web] INFO  o.eclipse.m2e.core.internal.Bundles - 	Entry: C:\Users\ASUS\Softwares\sts-4.22.1.RELEASE\plugins\org.eclipse.m2e.maven.runtime_3.9.600.20231203-1234\jars\org.eclipse.sisu.inject-0.9.0.M2.jar
2024-05-29 16:48:53,445 [Worker-5: Launching sample-app-web] INFO  o.eclipse.m2e.core.internal.Bundles - 	Entry: C:\Users\ASUS\Softwares\sts-4.22.1.RELEASE\plugins\org.eclipse.m2e.maven.runtime_3.9.600.20231203-1234\jars\org.eclipse.sisu.plexus-0.9.0.M2.jar
2024-05-29 16:48:53,445 [Worker-5: Launching sample-app-web] INFO  o.eclipse.m2e.core.internal.Bundles - 	Entry: C:\Users\ASUS\Softwares\sts-4.22.1.RELEASE\plugins\org.eclipse.m2e.maven.runtime_3.9.600.20231203-1234\jars\plexus-build-api-0.0.7.jar
2024-05-29 16:48:53,445 [Worker-5: Launching sample-app-web] INFO  o.eclipse.m2e.core.internal.Bundles - 	Entry: C:\Users\ASUS\Softwares\sts-4.22.1.RELEASE\plugins\org.eclipse.m2e.maven.runtime_3.9.600.20231203-1234\jars\plexus-cipher-2.0.jar
2024-05-29 16:48:53,446 [Worker-5: Launching sample-app-web] INFO  o.eclipse.m2e.core.internal.Bundles - 	Entry: C:\Users\ASUS\Softwares\sts-4.22.1.RELEASE\plugins\org.eclipse.m2e.maven.runtime_3.9.600.20231203-1234\jars\plexus-classworlds-2.7.0.jar
2024-05-29 16:48:53,446 [Worker-5: Launching sample-app-web] INFO  o.eclipse.m2e.core.internal.Bundles - 	Entry: C:\Users\ASUS\Softwares\sts-4.22.1.RELEASE\plugins\org.eclipse.m2e.maven.runtime_3.9.600.20231203-1234\jars\plexus-component-annotations-2.1.0.jar
2024-05-29 16:48:53,446 [Worker-5: Launching sample-app-web] INFO  o.eclipse.m2e.core.internal.Bundles - 	Entry: C:\Users\ASUS\Softwares\sts-4.22.1.RELEASE\plugins\org.eclipse.m2e.maven.runtime_3.9.600.20231203-1234\jars\plexus-interpolation-1.26.jar
2024-05-29 16:48:53,447 [Worker-5: Launching sample-app-web] INFO  o.eclipse.m2e.core.internal.Bundles - 	Entry: C:\Users\ASUS\Softwares\sts-4.22.1.RELEASE\plugins\org.eclipse.m2e.maven.runtime_3.9.600.20231203-1234\jars\plexus-sec-dispatcher-2.0.jar
2024-05-29 16:48:53,447 [Worker-5: Launching sample-app-web] INFO  o.eclipse.m2e.core.internal.Bundles - 	Entry: C:\Users\ASUS\Softwares\sts-4.22.1.RELEASE\plugins\org.eclipse.m2e.maven.runtime_3.9.600.20231203-1234\jars\plexus-utils-3.5.1.jar
2024-05-29 16:48:53,447 [Worker-5: Launching sample-app-web] INFO  o.eclipse.m2e.core.internal.Bundles - 	Entry: C:\Users\ASUS\Softwares\sts-4.22.1.RELEASE\plugins\org.eclipse.m2e.maven.runtime_3.9.600.20231203-1234\jars\wagon-file-3.5.3.jar
2024-05-29 16:48:53,447 [Worker-5: Launching sample-app-web] INFO  o.eclipse.m2e.core.internal.Bundles - 	Entry: C:\Users\ASUS\Softwares\sts-4.22.1.RELEASE\plugins\org.eclipse.m2e.maven.runtime_3.9.600.20231203-1234\jars\wagon-http-3.5.3.jar
2024-05-29 16:48:53,448 [Worker-5: Launching sample-app-web] INFO  o.eclipse.m2e.core.internal.Bundles - 	Entry: C:\Users\ASUS\Softwares\sts-4.22.1.RELEASE\plugins\org.eclipse.m2e.maven.runtime_3.9.600.20231203-1234\jars\wagon-http-shared-3.5.3.jar
2024-05-29 16:48:53,448 [Worker-5: Launching sample-app-web] INFO  o.eclipse.m2e.core.internal.Bundles - 	Entry: C:\Users\ASUS\Softwares\sts-4.22.1.RELEASE\plugins\org.eclipse.m2e.maven.runtime_3.9.600.20231203-1234\jars\wagon-provider-api-3.5.3.jar
2024-05-29 16:48:53,449 [Worker-5: Launching sample-app-web] INFO  o.eclipse.m2e.core.internal.Bundles - getClasspathEntries(Bundle=com.google.guava_33.0.0.jre [27])
2024-05-29 16:48:53,450 [Worker-5: Launching sample-app-web] INFO  o.eclipse.m2e.core.internal.Bundles - 	Entry: C:\Users\ASUS\Softwares\sts-4.22.1.RELEASE\plugins\com.google.guava_33.0.0.jre.jar
2024-05-29 16:48:53,450 [Worker-5: Launching sample-app-web] INFO  o.eclipse.m2e.core.internal.Bundles - getClasspathEntries(Bundle=slf4j.api_2.0.12 [584])
2024-05-29 16:48:53,451 [Worker-5: Launching sample-app-web] INFO  o.eclipse.m2e.core.internal.Bundles - 	Entry: C:\Users\ASUS\Softwares\sts-4.22.1.RELEASE\plugins\slf4j.api_2.0.12.jar
2024-05-29 16:48:53,451 [Worker-5: Launching sample-app-web] INFO  o.eclipse.m2e.core.internal.Bundles - getClasspathEntries(Bundle=jakarta.inject.jakarta.inject-api_1.0.5 [44])
2024-05-29 16:48:53,452 [Worker-5: Launching sample-app-web] INFO  o.eclipse.m2e.core.internal.Bundles - 	Entry: C:\Users\ASUS\Softwares\sts-4.22.1.RELEASE\plugins\jakarta.inject.jakarta.inject-api_1.0.5.jar
2024-05-29 16:48:53,452 [Worker-5: Launching sample-app-web] INFO  o.eclipse.m2e.core.internal.Bundles - getClasspathEntries(Bundle=jakarta.annotation-api_1.3.5 [40])
2024-05-29 16:48:53,453 [Worker-5: Launching sample-app-web] INFO  o.eclipse.m2e.core.internal.Bundles - 	Entry: C:\Users\ASUS\Softwares\sts-4.22.1.RELEASE\plugins\jakarta.annotation-api_1.3.5.jar
2024-05-29 16:48:53,453 [Worker-5: Launching sample-app-web] INFO  o.eclipse.m2e.core.internal.Bundles - getClasspathEntries(Bundle=org.apache.commons.cli_1.6.0 [75])
2024-05-29 16:48:53,454 [Worker-5: Launching sample-app-web] INFO  o.eclipse.m2e.core.internal.Bundles - 	Entry: C:\Users\ASUS\Softwares\sts-4.22.1.RELEASE\plugins\org.apache.commons.cli_1.6.0.jar
2024-05-29 16:48:53,454 [Worker-5: Launching sample-app-web] INFO  o.eclipse.m2e.core.internal.Bundles - getClasspathEntries(Bundle=org.apache.commons.commons-codec_1.16.0 [77])
2024-05-29 16:48:53,455 [Worker-5: Launching sample-app-web] INFO  o.eclipse.m2e.core.internal.Bundles - 	Entry: C:\Users\ASUS\Softwares\sts-4.22.1.RELEASE\plugins\org.apache.commons.commons-codec_1.16.0.jar
2024-05-29 16:48:53,456 [Worker-5: Launching sample-app-web] INFO  o.eclipse.m2e.core.internal.Bundles - getClasspathEntries(Bundle=org.apache.commons.lang3_3.14.0 [81])
2024-05-29 16:48:53,456 [Worker-5: Launching sample-app-web] INFO  o.eclipse.m2e.core.internal.Bundles - 	Entry: C:\Users\ASUS\Softwares\sts-4.22.1.RELEASE\plugins\org.apache.commons.lang3_3.14.0.jar
2024-05-29 16:48:53,456 [Worker-5: Launching sample-app-web] INFO  o.eclipse.m2e.core.internal.Bundles - getClasspathEntries(Bundle=com.google.guava.failureaccess_1.0.2 [29])
2024-05-29 16:48:53,457 [Worker-5: Launching sample-app-web] INFO  o.eclipse.m2e.core.internal.Bundles - 	Entry: C:\Users\ASUS\Softwares\sts-4.22.1.RELEASE\plugins\com.google.guava.failureaccess_1.0.2.jar
2024-05-29 16:48:53,461 [Worker-5: Launching sample-app-web] INFO  o.e.m.i.launch.MavenLaunchDelegate - Run build in "C:\Users\ASUS\Softwares\sts-4.22.1.RELEASE\Projects\Jenkins\sample-app-web\sample-app-web\sample-app-web":
2024-05-29 16:48:53,468 [Worker-5: Launching sample-app-web] INFO  o.e.m.i.launch.MavenLaunchDelegate -  mvn  -B -Dstyle.color=always clean package
2024-05-29 16:48:53,603 [Worker-11: Building] INFO  o.a.m.s.f.DefaultMavenResourcesFiltering - Copying 1 resource from src\main\resources to target\classes
2024-05-29 16:48:53,621 [Worker-11: Building] INFO  o.a.m.s.f.DefaultMavenResourcesFiltering - Copying 0 resource from src\main\resources to target\classes
2024-05-29 16:48:53,628 [Worker-11: Building] INFO  o.a.m.s.f.DefaultMavenResourcesFiltering - skip non existing resourceDirectory C:\Users\ASUS\Softwares\sts-4.22.1.RELEASE\Projects\Jenkins\sample-app-web\sample-app-web\sample-app-web\src\test\resources
2024-05-29 16:57:46,306 [Worker-2: Loading available Gradle versions] INFO  o.e.b.c.i.u.g.PublishedGradleVersions - Gradle version information cache is up-to-date. Trying to read.
